<?xml version="1.0" encoding="UTF-8"?>
<testsuites name="Lab4" time="125.095" tests="7" failures="0" errors="0">
   <testsuite name="Lab4" tests="7" failures="0" errors="0" time="125.095" skipped="0" timestamp="27-03-2024T12:40:46" hostname="Yen Linh - Admin" id="Test Suites/Lab4">
      <properties>
         <property name="deviceName" value=""/>
         <property name="devicePlatform" value=""/>
         <property name="logFolder" value="D:\\KTCB\\LAB\\Test Auto\\Lab04_Katalon\\Reports\\20240327_124040\\Lab4\\20240327_124040"/>
         <property name="logFiles" value="D:\\KTCB\\LAB\\Test Auto\\Lab04_Katalon\\Reports\\20240327_124040\\Lab4\\20240327_124040\\execution0.log"/>
         <property name="attachments" value=""/>
         <property name="hostName" value="Yen Linh - Admin"/>
         <property name="os" value="Windows 10 64bit"/>
         <property name="katalonVersion" value="9.3.1.212"/>
         <property name="browser" value="Chrome 123.0.0.0"/>
         <property name="hostAddress" value="192.168.1.26"/>
         <property name="sessionId" value="2f8f3bebe6d4f2594a17460f7b3ff497"/>
         <property name="seleniumVersion" value="3.141.59"/>
         <property name="proxyInformation" value="ProxyInformation { proxyOption=NO_PROXY, proxyServerType=HTTP, username=, password=********, proxyServerAddress=, proxyServerPort=0, executionList=&quot;&quot;, isApplyToDesiredCapabilities=true }"/>
         <property name="platform" value="Windows 10"/>
      </properties>
      <testcase name="Test Cases/check login" time="10.268" classname="Test Cases/check login" status="PASSED">
         <system-out><![CDATA[27-03-2024T12:40:47 - [TEST_CASE][PASSED] - Test Cases/check login: Test Cases/check login

27-03-2024T12:40:47 - [TEST_STEP][PASSED] - openBrowser(""): Browser is opened with url: ''

27-03-2024T12:40:47 - [MESSAGE][INFO] - Starting 'Chrome' driver

27-03-2024T12:40:47 - [MESSAGE][INFO] - Action delay is set to 0 milliseconds

27-03-2024T12:40:52 - [MESSAGE][PASSED] - Browser is opened with url: ''

27-03-2024T12:40:52 - [TEST_STEP][PASSED] - navigateToUrl("https://www.saucedemo.com/"): Navigate to 'https://www.saucedemo.com/' successfully

27-03-2024T12:40:52 - [MESSAGE][PASSED] - Navigate to 'https://www.saucedemo.com/' successfully

27-03-2024T12:40:52 - [TEST_STEP][PASSED] - setText(findTestObject("Lab4/input_Swag Labs_user-name"), username): Text '' is set on object 'Object Repository/Lab4/input_Swag Labs_user-name'

27-03-2024T12:40:55 - [MESSAGE][PASSED] - Text '' is set on object 'Object Repository/Lab4/input_Swag Labs_user-name'

27-03-2024T12:40:55 - [TEST_STEP][PASSED] - setText(findTestObject("Lab4/input_Swag Labs_password"), pasword): Text 'secret_sauce' is set on object 'Object Repository/Lab4/input_Swag Labs_password'

27-03-2024T12:40:56 - [MESSAGE][PASSED] - Text 'secret_sauce' is set on object 'Object Repository/Lab4/input_Swag Labs_password'

27-03-2024T12:40:56 - [TEST_STEP][PASSED] - click(findTestObject("Lab4/input_Swag Labs_login-button")): Object: 'Object Repository/Lab4/input_Swag Labs_login-button' is clicked on

27-03-2024T12:40:56 - [MESSAGE][PASSED] - Object: 'Object Repository/Lab4/input_Swag Labs_login-button' is clicked on

27-03-2024T12:40:56 - [TEST_STEP][PASSED] - verifyTextPresent(excepted, false): Text 'Epic sadface: Username is required' is present on page 

27-03-2024T12:40:57 - [MESSAGE][PASSED] - Text 'Epic sadface: Username is required' is present on page 

27-03-2024T12:40:57 - [TEST_STEP][PASSED] - closeBrowser(): Browser is closed

27-03-2024T12:40:57 - [MESSAGE][PASSED] - Browser is closed]]></system-out>
         <system-err><![CDATA[]]></system-err>
      </testcase>
      <testcase name="Test Cases/check login" time="6.507" classname="Test Cases/check login" status="PASSED">
         <system-out><![CDATA[27-03-2024T12:40:57 - [TEST_CASE][PASSED] - Test Cases/check login: Test Cases/check login

27-03-2024T12:40:57 - [TEST_STEP][PASSED] - openBrowser(""): Browser is opened with url: ''

27-03-2024T12:40:57 - [MESSAGE][INFO] - Starting 'Chrome' driver

27-03-2024T12:40:57 - [MESSAGE][INFO] - Action delay is set to 0 milliseconds

27-03-2024T12:40:58 - [MESSAGE][PASSED] - Browser is opened with url: ''

27-03-2024T12:40:58 - [TEST_STEP][PASSED] - navigateToUrl("https://www.saucedemo.com/"): Navigate to 'https://www.saucedemo.com/' successfully

27-03-2024T12:40:59 - [MESSAGE][PASSED] - Navigate to 'https://www.saucedemo.com/' successfully

27-03-2024T12:40:59 - [TEST_STEP][PASSED] - setText(findTestObject("Lab4/input_Swag Labs_user-name"), username): Text 'standard_user' is set on object 'Object Repository/Lab4/input_Swag Labs_user-name'

27-03-2024T12:41:01 - [MESSAGE][PASSED] - Text 'standard_user' is set on object 'Object Repository/Lab4/input_Swag Labs_user-name'

27-03-2024T12:41:01 - [TEST_STEP][PASSED] - setText(findTestObject("Lab4/input_Swag Labs_password"), pasword): Text '' is set on object 'Object Repository/Lab4/input_Swag Labs_password'

27-03-2024T12:41:02 - [MESSAGE][PASSED] - Text '' is set on object 'Object Repository/Lab4/input_Swag Labs_password'

27-03-2024T12:41:02 - [TEST_STEP][PASSED] - click(findTestObject("Lab4/input_Swag Labs_login-button")): Object: 'Object Repository/Lab4/input_Swag Labs_login-button' is clicked on

27-03-2024T12:41:03 - [MESSAGE][PASSED] - Object: 'Object Repository/Lab4/input_Swag Labs_login-button' is clicked on

27-03-2024T12:41:03 - [TEST_STEP][PASSED] - verifyTextPresent(excepted, false): Text 'Epic sadface: Password is required' is present on page 

27-03-2024T12:41:03 - [MESSAGE][PASSED] - Text 'Epic sadface: Password is required' is present on page 

27-03-2024T12:41:03 - [TEST_STEP][PASSED] - closeBrowser(): Browser is closed

27-03-2024T12:41:03 - [MESSAGE][PASSED] - Browser is closed]]></system-out>
         <system-err><![CDATA[]]></system-err>
      </testcase>
      <testcase name="Test Cases/check login" time="6.579" classname="Test Cases/check login" status="PASSED">
         <system-out><![CDATA[27-03-2024T12:41:03 - [TEST_CASE][PASSED] - Test Cases/check login: Test Cases/check login

27-03-2024T12:41:04 - [TEST_STEP][PASSED] - openBrowser(""): Browser is opened with url: ''

27-03-2024T12:41:04 - [MESSAGE][INFO] - Starting 'Chrome' driver

27-03-2024T12:41:04 - [MESSAGE][INFO] - Action delay is set to 0 milliseconds

27-03-2024T12:41:05 - [MESSAGE][PASSED] - Browser is opened with url: ''

27-03-2024T12:41:05 - [TEST_STEP][PASSED] - navigateToUrl("https://www.saucedemo.com/"): Navigate to 'https://www.saucedemo.com/' successfully

27-03-2024T12:41:05 - [MESSAGE][PASSED] - Navigate to 'https://www.saucedemo.com/' successfully

27-03-2024T12:41:05 - [TEST_STEP][PASSED] - setText(findTestObject("Lab4/input_Swag Labs_user-name"), username): Text '' is set on object 'Object Repository/Lab4/input_Swag Labs_user-name'

27-03-2024T12:41:08 - [MESSAGE][PASSED] - Text '' is set on object 'Object Repository/Lab4/input_Swag Labs_user-name'

27-03-2024T12:41:08 - [TEST_STEP][PASSED] - setText(findTestObject("Lab4/input_Swag Labs_password"), pasword): Text '' is set on object 'Object Repository/Lab4/input_Swag Labs_password'

27-03-2024T12:41:09 - [MESSAGE][PASSED] - Text '' is set on object 'Object Repository/Lab4/input_Swag Labs_password'

27-03-2024T12:41:09 - [TEST_STEP][PASSED] - click(findTestObject("Lab4/input_Swag Labs_login-button")): Object: 'Object Repository/Lab4/input_Swag Labs_login-button' is clicked on

27-03-2024T12:41:09 - [MESSAGE][PASSED] - Object: 'Object Repository/Lab4/input_Swag Labs_login-button' is clicked on

27-03-2024T12:41:09 - [TEST_STEP][PASSED] - verifyTextPresent(excepted, false): Text 'Epic sadface: Username is required' is present on page 

27-03-2024T12:41:10 - [MESSAGE][PASSED] - Text 'Epic sadface: Username is required' is present on page 

27-03-2024T12:41:10 - [TEST_STEP][PASSED] - closeBrowser(): Browser is closed

27-03-2024T12:41:10 - [MESSAGE][PASSED] - Browser is closed]]></system-out>
         <system-err><![CDATA[]]></system-err>
      </testcase>
      <testcase name="Test Cases/check login" time="36.104" classname="Test Cases/check login" status="PASSED">
         <system-out><![CDATA[27-03-2024T12:41:10 - [TEST_CASE][PASSED] - Test Cases/check login: Test Cases/check login

27-03-2024T12:41:10 - [TEST_STEP][PASSED] - openBrowser(""): Browser is opened with url: ''

27-03-2024T12:41:10 - [MESSAGE][INFO] - Starting 'Chrome' driver

27-03-2024T12:41:10 - [MESSAGE][INFO] - Action delay is set to 0 milliseconds

27-03-2024T12:41:11 - [MESSAGE][PASSED] - Browser is opened with url: ''

27-03-2024T12:41:11 - [TEST_STEP][PASSED] - navigateToUrl("https://www.saucedemo.com/"): Navigate to 'https://www.saucedemo.com/' successfully

27-03-2024T12:41:12 - [MESSAGE][PASSED] - Navigate to 'https://www.saucedemo.com/' successfully

27-03-2024T12:41:12 - [TEST_STEP][PASSED] - setText(findTestObject("Lab4/input_Swag Labs_user-name"), username): Text 'standard_use' is set on object 'Object Repository/Lab4/input_Swag Labs_user-name'

27-03-2024T12:41:15 - [MESSAGE][PASSED] - Text 'standard_use' is set on object 'Object Repository/Lab4/input_Swag Labs_user-name'

27-03-2024T12:41:15 - [TEST_STEP][PASSED] - setText(findTestObject("Lab4/input_Swag Labs_password"), pasword): Text 'secret_sauce' is set on object 'Object Repository/Lab4/input_Swag Labs_password'

27-03-2024T12:41:15 - [MESSAGE][PASSED] - Text 'secret_sauce' is set on object 'Object Repository/Lab4/input_Swag Labs_password'

27-03-2024T12:41:15 - [TEST_STEP][PASSED] - click(findTestObject("Lab4/input_Swag Labs_login-button")): Object: 'Object Repository/Lab4/input_Swag Labs_login-button' is clicked on

27-03-2024T12:41:16 - [MESSAGE][PASSED] - Object: 'Object Repository/Lab4/input_Swag Labs_login-button' is clicked on

27-03-2024T12:41:16 - [TEST_STEP][PASSED] - verifyTextPresent(excepted, false): Text 'Epic sadface: Username and password do not match any user in this service' is present on page 

27-03-2024T12:41:46 - [MESSAGE][PASSED] - Text 'Epic sadface: Username and password do not match any user in this service' is present on page 

27-03-2024T12:41:46 - [TEST_STEP][PASSED] - closeBrowser(): Browser is closed

27-03-2024T12:41:46 - [MESSAGE][PASSED] - Browser is closed]]></system-out>
         <system-err><![CDATA[]]></system-err>
      </testcase>
      <testcase name="Test Cases/check login" time="35.989" classname="Test Cases/check login" status="PASSED">
         <system-out><![CDATA[27-03-2024T12:41:46 - [TEST_CASE][PASSED] - Test Cases/check login: Test Cases/check login

27-03-2024T12:41:46 - [TEST_STEP][PASSED] - openBrowser(""): Browser is opened with url: ''

27-03-2024T12:41:46 - [MESSAGE][INFO] - Starting 'Chrome' driver

27-03-2024T12:41:46 - [MESSAGE][INFO] - Action delay is set to 0 milliseconds

27-03-2024T12:41:47 - [MESSAGE][PASSED] - Browser is opened with url: ''

27-03-2024T12:41:47 - [TEST_STEP][PASSED] - navigateToUrl("https://www.saucedemo.com/"): Navigate to 'https://www.saucedemo.com/' successfully

27-03-2024T12:41:48 - [MESSAGE][PASSED] - Navigate to 'https://www.saucedemo.com/' successfully

27-03-2024T12:41:48 - [TEST_STEP][PASSED] - setText(findTestObject("Lab4/input_Swag Labs_user-name"), username): Text 'standard_user' is set on object 'Object Repository/Lab4/input_Swag Labs_user-name'

27-03-2024T12:41:50 - [MESSAGE][PASSED] - Text 'standard_user' is set on object 'Object Repository/Lab4/input_Swag Labs_user-name'

27-03-2024T12:41:50 - [TEST_STEP][PASSED] - setText(findTestObject("Lab4/input_Swag Labs_password"), pasword): Text 'secret_sauc' is set on object 'Object Repository/Lab4/input_Swag Labs_password'

27-03-2024T12:41:51 - [MESSAGE][PASSED] - Text 'secret_sauc' is set on object 'Object Repository/Lab4/input_Swag Labs_password'

27-03-2024T12:41:51 - [TEST_STEP][PASSED] - click(findTestObject("Lab4/input_Swag Labs_login-button")): Object: 'Object Repository/Lab4/input_Swag Labs_login-button' is clicked on

27-03-2024T12:41:52 - [MESSAGE][PASSED] - Object: 'Object Repository/Lab4/input_Swag Labs_login-button' is clicked on

27-03-2024T12:41:52 - [TEST_STEP][PASSED] - verifyTextPresent(excepted, false): Text 'Epic sadface: Username and password do not match any user in this service' is present on page 

27-03-2024T12:42:22 - [MESSAGE][PASSED] - Text 'Epic sadface: Username and password do not match any user in this service' is present on page 

27-03-2024T12:42:22 - [TEST_STEP][PASSED] - closeBrowser(): Browser is closed

27-03-2024T12:42:22 - [MESSAGE][PASSED] - Browser is closed]]></system-out>
         <system-err><![CDATA[]]></system-err>
      </testcase>
      <testcase name="Test Cases/check login" time="22.129" classname="Test Cases/check login" status="PASSED">
         <system-out><![CDATA[27-03-2024T12:42:22 - [TEST_CASE][PASSED] - Test Cases/check login: Test Cases/check login

27-03-2024T12:42:22 - [TEST_STEP][PASSED] - openBrowser(""): Browser is opened with url: ''

27-03-2024T12:42:22 - [MESSAGE][INFO] - Starting 'Chrome' driver

27-03-2024T12:42:22 - [MESSAGE][INFO] - Action delay is set to 0 milliseconds

27-03-2024T12:42:23 - [MESSAGE][PASSED] - Browser is opened with url: ''

27-03-2024T12:42:24 - [TEST_STEP][PASSED] - navigateToUrl("https://www.saucedemo.com/"): Navigate to 'https://www.saucedemo.com/' successfully

27-03-2024T12:42:24 - [MESSAGE][PASSED] - Navigate to 'https://www.saucedemo.com/' successfully

27-03-2024T12:42:24 - [TEST_STEP][PASSED] - setText(findTestObject("Lab4/input_Swag Labs_user-name"), username): Text 'standard_use' is set on object 'Object Repository/Lab4/input_Swag Labs_user-name'

27-03-2024T12:42:27 - [MESSAGE][PASSED] - Text 'standard_use' is set on object 'Object Repository/Lab4/input_Swag Labs_user-name'

27-03-2024T12:42:27 - [TEST_STEP][PASSED] - setText(findTestObject("Lab4/input_Swag Labs_password"), pasword): Text 'secret_sauc' is set on object 'Object Repository/Lab4/input_Swag Labs_password'

27-03-2024T12:42:28 - [MESSAGE][PASSED] - Text 'secret_sauc' is set on object 'Object Repository/Lab4/input_Swag Labs_password'

27-03-2024T12:42:28 - [TEST_STEP][PASSED] - click(findTestObject("Lab4/input_Swag Labs_login-button")): Object: 'Object Repository/Lab4/input_Swag Labs_login-button' is clicked on

27-03-2024T12:42:28 - [MESSAGE][PASSED] - Object: 'Object Repository/Lab4/input_Swag Labs_login-button' is clicked on

27-03-2024T12:42:28 - [TEST_STEP][PASSED] - verifyTextPresent(excepted, false): Text 'Epic sadface: Username and password do not match any user in this service' is present on page 

27-03-2024T12:42:44 - [MESSAGE][PASSED] - Text 'Epic sadface: Username and password do not match any user in this service' is present on page 

27-03-2024T12:42:44 - [TEST_STEP][PASSED] - closeBrowser(): Browser is closed

27-03-2024T12:42:45 - [MESSAGE][PASSED] - Browser is closed]]></system-out>
         <system-err><![CDATA[]]></system-err>
      </testcase>
      <testcase name="Test Cases/check login" time="6.705" classname="Test Cases/check login" status="PASSED">
         <system-out><![CDATA[27-03-2024T12:42:45 - [TEST_CASE][PASSED] - Test Cases/check login: Test Cases/check login

27-03-2024T12:42:45 - [TEST_STEP][PASSED] - openBrowser(""): Browser is opened with url: ''

27-03-2024T12:42:45 - [MESSAGE][INFO] - Starting 'Chrome' driver

27-03-2024T12:42:45 - [MESSAGE][INFO] - Action delay is set to 0 milliseconds

27-03-2024T12:42:46 - [MESSAGE][PASSED] - Browser is opened with url: ''

27-03-2024T12:42:46 - [TEST_STEP][PASSED] - navigateToUrl("https://www.saucedemo.com/"): Navigate to 'https://www.saucedemo.com/' successfully

27-03-2024T12:42:47 - [MESSAGE][PASSED] - Navigate to 'https://www.saucedemo.com/' successfully

27-03-2024T12:42:47 - [TEST_STEP][PASSED] - setText(findTestObject("Lab4/input_Swag Labs_user-name"), username): Text 'standard_user' is set on object 'Object Repository/Lab4/input_Swag Labs_user-name'

27-03-2024T12:42:49 - [MESSAGE][PASSED] - Text 'standard_user' is set on object 'Object Repository/Lab4/input_Swag Labs_user-name'

27-03-2024T12:42:49 - [TEST_STEP][PASSED] - setText(findTestObject("Lab4/input_Swag Labs_password"), pasword): Text 'secret_sauce' is set on object 'Object Repository/Lab4/input_Swag Labs_password'

27-03-2024T12:42:50 - [MESSAGE][PASSED] - Text 'secret_sauce' is set on object 'Object Repository/Lab4/input_Swag Labs_password'

27-03-2024T12:42:50 - [TEST_STEP][PASSED] - click(findTestObject("Lab4/input_Swag Labs_login-button")): Object: 'Object Repository/Lab4/input_Swag Labs_login-button' is clicked on

27-03-2024T12:42:50 - [MESSAGE][PASSED] - Object: 'Object Repository/Lab4/input_Swag Labs_login-button' is clicked on

27-03-2024T12:42:50 - [TEST_STEP][PASSED] - verifyTextPresent(excepted, false): Text 'Sauce Labs Backpack' is present on page 

27-03-2024T12:42:51 - [MESSAGE][PASSED] - Text 'Sauce Labs Backpack' is present on page 

27-03-2024T12:42:51 - [TEST_STEP][PASSED] - closeBrowser(): Browser is closed

27-03-2024T12:42:51 - [MESSAGE][PASSED] - Browser is closed]]></system-out>
         <system-err><![CDATA[]]></system-err>
      </testcase>
      <system-out><![CDATA[27-03-2024T12:40:46 - [TEST_SUITE][PASSED] - Lab4: Test Cases/check login]]></system-out>
      <system-err><![CDATA[]]></system-err>
   </testsuite>
</testsuites>
